<?xml version="1.0" encoding="UTF-8"?>
<!-- Generated by org.testng.reporters.JUnitXMLReporter -->
<testsuite hostname="LAPTOP-354O6RMQ" ignored="0" name="RestAssuredAPITestingFramework" tests="6" failures="0" timestamp="2021-01-26T09:14:49 AEDT" time="22.525" errors="0">
  <testcase name="testGetBookingIDs" time="0.008" classname="bookingAPIsTestCases.GetBookingIds"/>
  <testcase name="testGetBookingID" time="0.001" classname="bookingAPIsTestCases.GetBookingID"/>
  <testcase name="testPostCreateToken" time="0.002" classname="bookingAPIsTestCases.CreateAuthToken"/>
  <testcase name="testBooking" time="0.002" classname="bookingAPIsTestCases.CreateBooking"/>
  <testcase name="testCreateEmployee" time="0.001" classname="employeeAPIsTestCases.CreateEmployee"/>
  <testcase name="testFeedChicken" time="0.002" classname="coopAPIsTestCases.ChickenFeed"/>
</testsuite> <!-- RestAssuredAPITestingFramework -->
