<?xml version="1.0" encoding="UTF-8"?>
<testng-results skipped="0" failed="0" ignored="0" total="2" passed="2">
  <reporter-output>
  </reporter-output>
  <suite name="Default suite" duration-ms="7891" started-at="2021-01-26T10:37:15 AEDT" finished-at="2021-01-26T10:37:23 AEDT">
    <groups>
    </groups>
    <test name="Default test" duration-ms="7891" started-at="2021-01-26T10:37:15 AEDT" finished-at="2021-01-26T10:37:23 AEDT">
      <class name="coopAPIsTestCases.UnlockBarn">
        <test-method status="PASS" signature="setup()[pri:0, instance:coopAPIsTestCases.UnlockBarn@2781e022]" name="setup" is-config="true" duration-ms="185" started-at="2021-01-26T10:37:15 AEDT" finished-at="2021-01-26T10:37:15 AEDT">
          <reporter-output>
          </reporter-output>
        </test-method> <!-- setup -->
        <test-method status="PASS" signature="setUp()[pri:0, instance:coopAPIsTestCases.UnlockBarn@2781e022]" name="setUp" is-config="true" duration-ms="7560" started-at="2021-01-26T10:37:15 AEDT" finished-at="2021-01-26T10:37:23 AEDT">
          <reporter-output>
          </reporter-output>
        </test-method> <!-- setUp -->
        <test-method status="PASS" signature="testAction()[pri:0, instance:coopAPIsTestCases.UnlockBarn@2781e022]" name="testAction" duration-ms="50" started-at="2021-01-26T10:37:23 AEDT" finished-at="2021-01-26T10:37:23 AEDT">
          <reporter-output>
          </reporter-output>
        </test-method> <!-- testAction -->
        <test-method status="PASS" signature="testStatusCode()[pri:0, instance:coopAPIsTestCases.UnlockBarn@2781e022]" name="testStatusCode" duration-ms="3" started-at="2021-01-26T10:37:23 AEDT" finished-at="2021-01-26T10:37:23 AEDT">
          <reporter-output>
          </reporter-output>
        </test-method> <!-- testStatusCode -->
        <test-method status="PASS" signature="tearDown()[pri:0, instance:coopAPIsTestCases.UnlockBarn@2781e022]" name="tearDown" is-config="true" duration-ms="4" started-at="2021-01-26T10:37:23 AEDT" finished-at="2021-01-26T10:37:23 AEDT">
          <reporter-output>
          </reporter-output>
        </test-method> <!-- tearDown -->
      </class> <!-- coopAPIsTestCases.UnlockBarn -->
    </test> <!-- Default test -->
  </suite> <!-- Default suite -->
</testng-results>
