<?xml version="1.0" encoding="UTF-8"?>
<testng-results skipped="0" failed="0" ignored="0" total="6" passed="6">
  <reporter-output>
  </reporter-output>
  <suite name="RestAssuredAPITesting" duration-ms="22525" started-at="2021-01-26T09:14:27 AEDT" finished-at="2021-01-26T09:14:49 AEDT">
    <groups>
    </groups>
    <test name="RestAssuredAPITestingFramework" duration-ms="22525" started-at="2021-01-26T09:14:27 AEDT" finished-at="2021-01-26T09:14:49 AEDT">
      <class name="bookingAPIsTestCases.CreateAuthToken">
        <test-method status="PASS" signature="setup()[pri:0, instance:bookingAPIsTestCases.CreateAuthToken@528931cf]" name="setup" is-config="true" duration-ms="3" started-at="2021-01-26T09:14:38 AEDT" finished-at="2021-01-26T09:14:38 AEDT">
          <reporter-output>
          </reporter-output>
        </test-method> <!-- setup -->
        <test-method status="PASS" signature="createToken()[pri:0, instance:bookingAPIsTestCases.CreateAuthToken@528931cf]" name="createToken" is-config="true" duration-ms="2828" started-at="2021-01-26T09:14:38 AEDT" finished-at="2021-01-26T09:14:41 AEDT">
          <reporter-output>
          </reporter-output>
        </test-method> <!-- createToken -->
        <test-method status="PASS" signature="testPostCreateToken()[pri:0, instance:bookingAPIsTestCases.CreateAuthToken@528931cf]" name="testPostCreateToken" duration-ms="2" started-at="2021-01-26T09:14:41 AEDT" finished-at="2021-01-26T09:14:41 AEDT">
          <reporter-output>
          </reporter-output>
        </test-method> <!-- testPostCreateToken -->
        <test-method status="PASS" signature="tearDown()[pri:0, instance:bookingAPIsTestCases.CreateAuthToken@528931cf]" name="tearDown" is-config="true" duration-ms="1" started-at="2021-01-26T09:14:41 AEDT" finished-at="2021-01-26T09:14:41 AEDT">
          <reporter-output>
          </reporter-output>
        </test-method> <!-- tearDown -->
      </class> <!-- bookingAPIsTestCases.CreateAuthToken -->
      <class name="bookingAPIsTestCases.CreateBooking">
        <test-method status="PASS" signature="setup()[pri:0, instance:bookingAPIsTestCases.CreateBooking@ea1a8d5]" name="setup" is-config="true" duration-ms="6" started-at="2021-01-26T09:14:41 AEDT" finished-at="2021-01-26T09:14:41 AEDT">
          <reporter-output>
          </reporter-output>
        </test-method> <!-- setup -->
        <test-method status="PASS" signature="createBooking()[pri:0, instance:bookingAPIsTestCases.CreateBooking@ea1a8d5]" name="createBooking" is-config="true" duration-ms="1314" started-at="2021-01-26T09:14:41 AEDT" finished-at="2021-01-26T09:14:42 AEDT">
          <reporter-output>
          </reporter-output>
        </test-method> <!-- createBooking -->
        <test-method status="PASS" signature="testBooking()[pri:0, instance:bookingAPIsTestCases.CreateBooking@ea1a8d5]" name="testBooking" duration-ms="2" started-at="2021-01-26T09:14:42 AEDT" finished-at="2021-01-26T09:14:42 AEDT">
          <reporter-output>
          </reporter-output>
        </test-method> <!-- testBooking -->
        <test-method status="PASS" signature="tearDown()[pri:0, instance:bookingAPIsTestCases.CreateBooking@ea1a8d5]" name="tearDown" is-config="true" duration-ms="1" started-at="2021-01-26T09:14:42 AEDT" finished-at="2021-01-26T09:14:42 AEDT">
          <reporter-output>
          </reporter-output>
        </test-method> <!-- tearDown -->
      </class> <!-- bookingAPIsTestCases.CreateBooking -->
      <class name="coopAPIsTestCases.ChickenFeed">
        <test-method status="PASS" signature="setup()[pri:0, instance:coopAPIsTestCases.ChickenFeed@2bbf4b8b]" name="setup" is-config="true" duration-ms="4" started-at="2021-01-26T09:14:48 AEDT" finished-at="2021-01-26T09:14:48 AEDT">
          <reporter-output>
          </reporter-output>
        </test-method> <!-- setup -->
        <test-method status="PASS" signature="setUp()[pri:0, instance:coopAPIsTestCases.ChickenFeed@2bbf4b8b]" name="setUp" is-config="true" duration-ms="872" started-at="2021-01-26T09:14:48 AEDT" finished-at="2021-01-26T09:14:49 AEDT">
          <reporter-output>
          </reporter-output>
        </test-method> <!-- setUp -->
        <test-method status="PASS" signature="testFeedChicken()[pri:0, instance:coopAPIsTestCases.ChickenFeed@2bbf4b8b]" name="testFeedChicken" duration-ms="2" started-at="2021-01-26T09:14:49 AEDT" finished-at="2021-01-26T09:14:49 AEDT">
          <reporter-output>
          </reporter-output>
        </test-method> <!-- testFeedChicken -->
      </class> <!-- coopAPIsTestCases.ChickenFeed -->
      <class name="bookingAPIsTestCases.GetBookingIds">
        <test-method status="PASS" signature="setup()[pri:0, instance:bookingAPIsTestCases.GetBookingIds@7a1ebcd8]" name="setup" is-config="true" duration-ms="108" started-at="2021-01-26T09:14:27 AEDT" finished-at="2021-01-26T09:14:27 AEDT">
          <reporter-output>
          </reporter-output>
        </test-method> <!-- setup -->
        <test-method status="PASS" signature="getBookingIDs()[pri:0, instance:bookingAPIsTestCases.GetBookingIds@7a1ebcd8]" name="getBookingIDs" is-config="true" duration-ms="9204" started-at="2021-01-26T09:14:27 AEDT" finished-at="2021-01-26T09:14:37 AEDT">
          <reporter-output>
          </reporter-output>
        </test-method> <!-- getBookingIDs -->
        <test-method status="PASS" signature="testGetBookingIDs()[pri:0, instance:bookingAPIsTestCases.GetBookingIds@7a1ebcd8]" name="testGetBookingIDs" duration-ms="8" started-at="2021-01-26T09:14:37 AEDT" finished-at="2021-01-26T09:14:37 AEDT">
          <reporter-output>
          </reporter-output>
        </test-method> <!-- testGetBookingIDs -->
        <test-method status="PASS" signature="tearDown()[pri:0, instance:bookingAPIsTestCases.GetBookingIds@7a1ebcd8]" name="tearDown" is-config="true" duration-ms="1" started-at="2021-01-26T09:14:37 AEDT" finished-at="2021-01-26T09:14:37 AEDT">
          <reporter-output>
          </reporter-output>
        </test-method> <!-- tearDown -->
      </class> <!-- bookingAPIsTestCases.GetBookingIds -->
      <class name="bookingAPIsTestCases.GetBookingID">
        <test-method status="PASS" signature="setup()[pri:0, instance:bookingAPIsTestCases.GetBookingID@5faeada1]" name="setup" is-config="true" duration-ms="3" started-at="2021-01-26T09:14:37 AEDT" finished-at="2021-01-26T09:14:37 AEDT">
          <reporter-output>
          </reporter-output>
        </test-method> <!-- setup -->
        <test-method status="PASS" signature="getBookingID()[pri:0, instance:bookingAPIsTestCases.GetBookingID@5faeada1]" name="getBookingID" is-config="true" duration-ms="1283" started-at="2021-01-26T09:14:37 AEDT" finished-at="2021-01-26T09:14:38 AEDT">
          <reporter-output>
          </reporter-output>
        </test-method> <!-- getBookingID -->
        <test-method status="PASS" signature="testGetBookingID()[pri:0, instance:bookingAPIsTestCases.GetBookingID@5faeada1]" name="testGetBookingID" duration-ms="1" started-at="2021-01-26T09:14:38 AEDT" finished-at="2021-01-26T09:14:38 AEDT">
          <reporter-output>
          </reporter-output>
        </test-method> <!-- testGetBookingID -->
        <test-method status="PASS" signature="tearDown()[pri:0, instance:bookingAPIsTestCases.GetBookingID@5faeada1]" name="tearDown" is-config="true" duration-ms="0" started-at="2021-01-26T09:14:38 AEDT" finished-at="2021-01-26T09:14:38 AEDT">
          <reporter-output>
          </reporter-output>
        </test-method> <!-- tearDown -->
      </class> <!-- bookingAPIsTestCases.GetBookingID -->
      <class name="employeeAPIsTestCases.CreateEmployee">
        <test-method status="PASS" signature="setup()[pri:0, instance:employeeAPIsTestCases.CreateEmployee@1563da5]" name="setup" is-config="true" duration-ms="11" started-at="2021-01-26T09:14:42 AEDT" finished-at="2021-01-26T09:14:42 AEDT">
          <reporter-output>
          </reporter-output>
        </test-method> <!-- setup -->
        <test-method status="PASS" signature="createEmployee()[pri:0, instance:employeeAPIsTestCases.CreateEmployee@1563da5]" name="createEmployee" is-config="true" duration-ms="6434" started-at="2021-01-26T09:14:42 AEDT" finished-at="2021-01-26T09:14:48 AEDT">
          <reporter-output>
          </reporter-output>
        </test-method> <!-- createEmployee -->
        <test-method status="PASS" signature="testCreateEmployee()[pri:0, instance:employeeAPIsTestCases.CreateEmployee@1563da5]" name="testCreateEmployee" duration-ms="1" started-at="2021-01-26T09:14:48 AEDT" finished-at="2021-01-26T09:14:48 AEDT">
          <reporter-output>
          </reporter-output>
        </test-method> <!-- testCreateEmployee -->
        <test-method status="PASS" signature="tearDown()[pri:0, instance:employeeAPIsTestCases.CreateEmployee@1563da5]" name="tearDown" is-config="true" duration-ms="1" started-at="2021-01-26T09:14:48 AEDT" finished-at="2021-01-26T09:14:48 AEDT">
          <reporter-output>
          </reporter-output>
        </test-method> <!-- tearDown -->
      </class> <!-- employeeAPIsTestCases.CreateEmployee -->
    </test> <!-- RestAssuredAPITestingFramework -->
  </suite> <!-- RestAssuredAPITesting -->
</testng-results>
